SF:lib/models/search_artists_model/artist_model.dart
DA:10,4
DA:16,1
DA:17,1
DA:18,1
DA:19,1
DA:20,1
DA:24,1
DA:25,1
DA:26,1
DA:27,1
DA:28,1
DA:32,1
DA:33,4
DA:36,1
DA:37,4
DA:40,0
DA:42,0
DA:46,1
DA:47,1
DA:48,1
DA:51,1
DA:52,1
DA:53,1
LF:23
LH:21
end_of_record
SF:lib/models/album/album_model.dart
DA:4,1
DA:5,5
DA:16,4
DA:22,2
DA:23,1
DA:25,5
DA:26,5
DA:29,2
DA:30,1
DA:31,5
DA:32,5
DA:44,1
DA:48,2
DA:49,1
DA:52,2
DA:53,1
DA:65,1
DA:69,2
DA:70,1
DA:73,2
DA:74,1
LF:21
LH:21
end_of_record
SF:lib/repository/spotify_repository.dart
DA:11,2
DA:47,1
DA:57,2
DA:58,2
DA:60,2
DA:63,2
DA:64,2
DA:65,2
DA:68,2
DA:69,1
DA:70,1
DA:71,1
DA:72,1
DA:73,3
DA:75,1
DA:79,0
DA:82,2
DA:84,2
DA:85,2
DA:87,4
DA:89,2
DA:92,4
DA:93,2
DA:94,2
DA:95,0
DA:97,4
DA:98,1
DA:101,4
DA:103,2
LF:29
LH:27
end_of_record
SF:lib/blocs/search_artists/search_artists_bloc.dart
DA:20,6
DA:21,4
DA:22,4
DA:25,1
DA:27,2
DA:29,2
DA:30,1
DA:31,2
DA:32,1
DA:34,1
DA:35,1
DA:37,3
DA:38,3
DA:39,2
DA:42,2
DA:43,2
DA:44,2
DA:75,1
DA:77,1
DA:78,1
DA:80,1
DA:81,1
DA:82,1
DA:84,2
DA:85,1
DA:87,1
DA:88,1
DA:90,0
DA:91,0
DA:92,0
DA:93,0
DA:97,3
DA:100,1
LF:33
LH:29
end_of_record
SF:lib/blocs/search_artists/search_artists_event.dart
DA:8,1
LF:1
LH:1
end_of_record
SF:lib/blocs/search_artists/search_artists_state.dart
DA:11,2
DA:18,2
LF:2
LH:2
end_of_record
SF:lib/ui/screens/album/reusable_card.dart
DA:11,2
DA:18,2
DA:20,2
DA:22,2
DA:23,2
DA:24,2
DA:25,2
DA:27,2
DA:30,2
DA:31,2
DA:32,4
DA:33,2
DA:35,0
DA:38,0
DA:39,0
DA:40,0
DA:46,2
DA:47,0
DA:51,2
DA:52,2
DA:61,2
DA:62,2
DA:70,2
DA:74,2
LF:24
LH:19
end_of_record
SF:lib/ui/screens/search_artists_ui/search_artists_screen.dart
DA:10,3
DA:12,1
DA:13,1
DA:17,1
DA:19,1
DA:20,1
DA:22,3
DA:29,8
DA:33,2
DA:34,2
DA:41,2
DA:43,2
DA:45,4
DA:46,0
DA:47,0
DA:49,0
DA:50,0
DA:56,2
DA:58,2
DA:61,2
DA:63,2
DA:64,2
DA:78,2
DA:80,2
DA:81,2
DA:82,2
DA:83,0
DA:84,0
DA:85,0
DA:86,0
DA:88,2
DA:92,2
DA:93,2
DA:101,2
DA:102,2
DA:103,2
DA:104,2
DA:106,2
DA:107,1
DA:108,1
DA:109,1
DA:110,3
DA:111,0
DA:112,1
DA:113,3
DA:114,1
DA:128,2
DA:129,1
DA:130,2
DA:131,1
DA:133,1
DA:134,2
DA:135,0
DA:138,0
DA:139,0
DA:144,2
LF:56
LH:44
end_of_record
SF:lib/ui/screens/album/album_detailed_screen.dart
DA:9,2
DA:11,1
DA:13,1
DA:14,1
DA:15,1
DA:16,4
DA:17,0
DA:18,2
DA:19,1
DA:22,1
DA:24,1
DA:26,1
DA:28,1
DA:29,1
DA:30,1
DA:31,1
DA:32,3
DA:33,0
DA:35,1
DA:36,2
DA:37,0
DA:43,1
DA:44,1
DA:45,2
DA:46,1
DA:52,1
DA:53,1
DA:54,5
DA:55,1
LF:29
LH:26
end_of_record
SF:lib/blocs/album/album_state.dart
DA:11,2
DA:16,2
LF:2
LH:2
end_of_record
SF:lib/blocs/album/album_bloc.dart
DA:16,6
DA:17,4
DA:18,4
DA:23,2
DA:26,4
DA:27,4
DA:28,2
DA:30,3
DA:32,6
DA:45,1
DA:48,2
DA:49,2
DA:50,0
DA:53,0
DA:55,3
LF:15
LH:13
end_of_record
SF:lib/ui/screens/album/album_list.dart
DA:13,1
DA:15,1
DA:16,1
DA:20,1
DA:22,1
DA:23,1
DA:24,5
DA:31,4
DA:35,1
DA:36,1
DA:42,1
DA:44,1
DA:48,2
DA:49,0
DA:50,0
DA:52,0
DA:54,0
DA:55,0
DA:61,1
DA:63,4
DA:64,4
DA:68,1
DA:70,1
DA:71,1
DA:83,1
DA:84,1
DA:85,1
DA:87,1
DA:88,1
DA:89,1
DA:91,1
DA:92,1
DA:95,1
DA:99,1
DA:100,1
DA:108,1
DA:109,1
DA:110,1
DA:111,1
DA:115,1
DA:116,1
DA:117,3
DA:118,1
DA:120,1
DA:122,1
DA:123,1
DA:124,1
DA:125,1
DA:126,1
DA:128,1
DA:129,1
DA:130,2
DA:131,0
DA:133,1
DA:134,1
DA:135,1
DA:136,1
DA:137,0
DA:138,0
DA:140,0
DA:141,0
DA:142,0
DA:146,0
DA:147,0
DA:150,3
DA:151,1
DA:156,1
DA:159,1
LF:68
LH:55
end_of_record
